Building...
info: Microsoft.EntityFrameworkCore.Database.Command[20101]
      Executed DbCommand (9ms) [Parameters=[], CommandType='Text', CommandTimeout='30']
      PRAGMA journal_mode = 'wal';
info: Microsoft.EntityFrameworkCore.Database.Command[20101]
      Executed DbCommand (1ms) [Parameters=[], CommandType='Text', CommandTimeout='30']
      CREATE TABLE "Patients" (
          "Id" TEXT NOT NULL CONSTRAINT "PK_Patients" PRIMARY KEY,
          "FirstName" TEXT NOT NULL,
          "LastName" TEXT NOT NULL,
          "DateOfBirth" TEXT NOT NULL,
          "Gender" TEXT NOT NULL,
          "Email" TEXT NOT NULL,
          "PhoneNumber" TEXT NOT NULL,
          "Address" TEXT NOT NULL,
          "CreatedAt" TEXT NOT NULL,
          "UpdatedAt" TEXT NOT NULL
      );
info: Microsoft.EntityFrameworkCore.Database.Command[20101]
      Executed DbCommand (0ms) [Parameters=[], CommandType='Text', CommandTimeout='30']
      CREATE TABLE "BrainScans" (
          "Id" TEXT NOT NULL CONSTRAINT "PK_BrainScans" PRIMARY KEY,
          "PatientId" TEXT NULL,
          "OriginalFileName" TEXT NOT NULL,
          "ContentType" TEXT NOT NULL,
          "ImageBytes" BLOB NOT NULL,
          "CreatedAt" TEXT NOT NULL,
          "PredictedLabel" TEXT NOT NULL,
          "Confidence" REAL NOT NULL,
          "ProbabilitiesJson" TEXT NOT NULL,
          "AnalysisStatus" TEXT NOT NULL,
          "AnalyzerVersion" TEXT NOT NULL,
          "ErrorMessage" TEXT NULL,
          CONSTRAINT "FK_BrainScans_Patients_PatientId" FOREIGN KEY ("PatientId") REFERENCES "Patients" ("Id") ON DELETE SET NULL
      );
info: Microsoft.EntityFrameworkCore.Database.Command[20101]
      Executed DbCommand (0ms) [Parameters=[], CommandType='Text', CommandTimeout='30']
      CREATE INDEX "IX_BrainScans_PatientId" ON "BrainScans" ("PatientId");
info: Microsoft.Hosting.Lifetime[14]
      Now listening on: http://localhost:5091
info: Microsoft.Hosting.Lifetime[0]
      Application started. Press Ctrl+C to shut down.
info: Microsoft.Hosting.Lifetime[0]
      Hosting environment: Development
info: Microsoft.Hosting.Lifetime[0]
      Content root path: A:\BrainTumor\TumorDetection\MedScans
